<?xml version="1.0" encoding="UTF-8" ?>
<testsuites>
  <testsuite errors="0" failures="0" id="0" name="ArrayTest" package="JSci.tests" tests="1" time="0.235">
  
    <properties>
[...]
</properties>

      <testcase classname="JSci.tests.ArrayTest" name="testMedian" time="0.0"></testcase>

      <system-out></system-out>

      <system-err></system-err>

  </testsuite>
  <testsuite errors="0" failures="0" id="1" name="ComplexMatrixEigenTest" package="JSci.tests" tests="3" time="0.25">
  
    <properties>
[...]
</properties>

      <testcase classname="JSci.tests.ComplexMatrixEigenTest" name="testEigenvectors" time="0.047"></testcase>

      <testcase classname="JSci.tests.ComplexMatrixEigenTest" name="testTrace" time="0.0"></testcase>

      <testcase classname="JSci.tests.ComplexMatrixEigenTest" name="testDet" time="0.0"></testcase>

      <system-out></system-out>

      <system-err></system-err>

  </testsuite>
  <testsuite errors="0" failures="0" id="2" name="ComplexTest" package="JSci.tests" tests="80" time="0.234">
  
    <properties>
[...]
</properties>

      <testcase classname="JSci.tests.ComplexTest" name="testParseString" time="0.015"></testcase>

      <testcase classname="JSci.tests.ComplexTest" name="testZero" time="0.0"></testcase>

      <testcase classname="JSci.tests.ComplexTest" name="testSin" time="0.016"></testcase>

      <testcase classname="JSci.tests.ComplexTest" name="testCos" time="0.0"></testcase>

      <testcase classname="JSci.tests.ComplexTest" name="testTan" time="0.0"></testcase>

      <testcase classname="JSci.tests.ComplexTest" name="testSinh" time="0.0"></testcase>

      <testcase classname="JSci.tests.ComplexTest" name="testCosh" time="0.0"></testcase>

      <testcase classname="JSci.tests.ComplexTest" name="testTanh" time="0.0"></testcase>

      <testcase classname="JSci.tests.ComplexTest" name="testEqualsAgainstNewObject" time="0.0"></testcase>

      <testcase classname="JSci.tests.ComplexTest" name="testEqualsAgainstNull" time="0.0"></testcase>

      <testcase classname="JSci.tests.ComplexTest" name="testEqualsAgainstUnequalObjects" time="0.0"></testcase>

      <testcase classname="JSci.tests.ComplexTest" name="testEqualsIsConsistentAcrossInvocations" time="0.0"></testcase>

      <testcase classname="JSci.tests.ComplexTest" name="testEqualsIsReflexive" time="0.0"></testcase>

      <testcase classname="JSci.tests.ComplexTest" name="testEqualsIsSymmetricAndTransitive" time="0.0"></testcase>

      <testcase classname="JSci.tests.ComplexTest" name="testHashCodeContract" time="0.0"></testcase>

      <testcase classname="JSci.tests.ComplexTest" name="testHashCodeIsConsistentAcrossInvocations" time="0.0"></testcase>

      <testcase classname="JSci.tests.ComplexTest" name="testParseString" time="0.0"></testcase>

      <testcase classname="JSci.tests.ComplexTest" name="testZero" time="0.0"></testcase>

      <testcase classname="JSci.tests.ComplexTest" name="testSin" time="0.0"></testcase>

      <testcase classname="JSci.tests.ComplexTest" name="testCos" time="0.0"></testcase>

      <testcase classname="JSci.tests.ComplexTest" name="testTan" time="0.0"></testcase>

      <testcase classname="JSci.tests.ComplexTest" name="testSinh" time="0.0"></testcase>

      <testcase classname="JSci.tests.ComplexTest" name="testCosh" time="0.0"></testcase>

      <testcase classname="JSci.tests.ComplexTest" name="testTanh" time="0.0"></testcase>

      <testcase classname="JSci.tests.ComplexTest" name="testEqualsAgainstNewObject" time="0.0"></testcase>

      <testcase classname="JSci.tests.ComplexTest" name="testEqualsAgainstNull" time="0.0"></testcase>

      <testcase classname="JSci.tests.ComplexTest" name="testEqualsAgainstUnequalObjects" time="0.0"></testcase>

      <testcase classname="JSci.tests.ComplexTest" name="testEqualsIsConsistentAcrossInvocations" time="0.0"></testcase>

      <testcase classname="JSci.tests.ComplexTest" name="testEqualsIsReflexive" time="0.0"></testcase>

      <testcase classname="JSci.tests.ComplexTest" name="testEqualsIsSymmetricAndTransitive" time="0.0"></testcase>

      <testcase classname="JSci.tests.ComplexTest" name="testHashCodeContract" time="0.0"></testcase>

      <testcase classname="JSci.tests.ComplexTest" name="testHashCodeIsConsistentAcrossInvocations" time="0.0"></testcase>

      <testcase classname="JSci.tests.ComplexTest" name="testParseString" time="0.0"></testcase>

      <testcase classname="JSci.tests.ComplexTest" name="testZero" time="0.0"></testcase>

      <testcase classname="JSci.tests.ComplexTest" name="testSin" time="0.0"></testcase>

      <testcase classname="JSci.tests.ComplexTest" name="testCos" time="0.0"></testcase>

      <testcase classname="JSci.tests.ComplexTest" name="testTan" time="0.0"></testcase>

      <testcase classname="JSci.tests.ComplexTest" name="testSinh" time="0.0"></testcase>

      <testcase classname="JSci.tests.ComplexTest" name="testCosh" time="0.0"></testcase>

      <testcase classname="JSci.tests.ComplexTest" name="testTanh" time="0.0"></testcase>

      <testcase classname="JSci.tests.ComplexTest" name="testEqualsAgainstNewObject" time="0.0"></testcase>

      <testcase classname="JSci.tests.ComplexTest" name="testEqualsAgainstNull" time="0.0"></testcase>

      <testcase classname="JSci.tests.ComplexTest" name="testEqualsAgainstUnequalObjects" time="0.0"></testcase>

      <testcase classname="JSci.tests.ComplexTest" name="testEqualsIsConsistentAcrossInvocations" time="0.0"></testcase>

      <testcase classname="JSci.tests.ComplexTest" name="testEqualsIsReflexive" time="0.0"></testcase>

      <testcase classname="JSci.tests.ComplexTest" name="testEqualsIsSymmetricAndTransitive" time="0.0"></testcase>

      <testcase classname="JSci.tests.ComplexTest" name="testHashCodeContract" time="0.0"></testcase>

      <testcase classname="JSci.tests.ComplexTest" name="testHashCodeIsConsistentAcrossInvocations" time="0.0"></testcase>

      <testcase classname="JSci.tests.ComplexTest" name="testParseString" time="0.015"></testcase>

      <testcase classname="JSci.tests.ComplexTest" name="testZero" time="0.0"></testcase>

      <testcase classname="JSci.tests.ComplexTest" name="testSin" time="0.0"></testcase>

      <testcase classname="JSci.tests.ComplexTest" name="testCos" time="0.0"></testcase>

      <testcase classname="JSci.tests.ComplexTest" name="testTan" time="0.0"></testcase>

      <testcase classname="JSci.tests.ComplexTest" name="testSinh" time="0.0"></testcase>

      <testcase classname="JSci.tests.ComplexTest" name="testCosh" time="0.0"></testcase>

      <testcase classname="JSci.tests.ComplexTest" name="testTanh" time="0.0"></testcase>

      <testcase classname="JSci.tests.ComplexTest" name="testEqualsAgainstNewObject" time="0.0"></testcase>

      <testcase classname="JSci.tests.ComplexTest" name="testEqualsAgainstNull" time="0.0"></testcase>

      <testcase classname="JSci.tests.ComplexTest" name="testEqualsAgainstUnequalObjects" time="0.0"></testcase>

      <testcase classname="JSci.tests.ComplexTest" name="testEqualsIsConsistentAcrossInvocations" time="0.0"></testcase>

      <testcase classname="JSci.tests.ComplexTest" name="testEqualsIsReflexive" time="0.0"></testcase>

      <testcase classname="JSci.tests.ComplexTest" name="testEqualsIsSymmetricAndTransitive" time="0.0"></testcase>

      <testcase classname="JSci.tests.ComplexTest" name="testHashCodeContract" time="0.0"></testcase>

      <testcase classname="JSci.tests.ComplexTest" name="testHashCodeIsConsistentAcrossInvocations" time="0.0"></testcase>

      <testcase classname="JSci.tests.ComplexTest" name="testParseString" time="0.0"></testcase>

      <testcase classname="JSci.tests.ComplexTest" name="testZero" time="0.0"></testcase>

      <testcase classname="JSci.tests.ComplexTest" name="testSin" time="0.0"></testcase>

      <testcase classname="JSci.tests.ComplexTest" name="testCos" time="0.0"></testcase>

      <testcase classname="JSci.tests.ComplexTest" name="testTan" time="0.0"></testcase>

      <testcase classname="JSci.tests.ComplexTest" name="testSinh" time="0.0"></testcase>

      <testcase classname="JSci.tests.ComplexTest" name="testCosh" time="0.0"></testcase>

      <testcase classname="JSci.tests.ComplexTest" name="testTanh" time="0.0"></testcase>

      <testcase classname="JSci.tests.ComplexTest" name="testEqualsAgainstNewObject" time="0.0"></testcase>

      <testcase classname="JSci.tests.ComplexTest" name="testEqualsAgainstNull" time="0.0"></testcase>

      <testcase classname="JSci.tests.ComplexTest" name="testEqualsAgainstUnequalObjects" time="0.0"></testcase>

      <testcase classname="JSci.tests.ComplexTest" name="testEqualsIsConsistentAcrossInvocations" time="0.0"></testcase>

      <testcase classname="JSci.tests.ComplexTest" name="testEqualsIsReflexive" time="0.0"></testcase>

      <testcase classname="JSci.tests.ComplexTest" name="testEqualsIsSymmetricAndTransitive" time="0.0"></testcase>

      <testcase classname="JSci.tests.ComplexTest" name="testHashCodeContract" time="0.0"></testcase>

      <testcase classname="JSci.tests.ComplexTest" name="testHashCodeIsConsistentAcrossInvocations" time="0.0"></testcase>

      <system-out></system-out>

      <system-err></system-err>

  </testsuite>
  <testsuite errors="0" failures="0" id="3" name="DoubleMatrixEigenTest" package="JSci.tests" tests="3" time="0.218">
  
    <properties>
[...]
</properties>

      <testcase classname="JSci.tests.DoubleMatrixEigenTest" name="testEigenvectors" time="0.046"></testcase>

      <testcase classname="JSci.tests.DoubleMatrixEigenTest" name="testTrace" time="0.0"></testcase>

      <testcase classname="JSci.tests.DoubleMatrixEigenTest" name="testDet" time="0.0"></testcase>

      <system-out></system-out>

      <system-err></system-err>

  </testsuite>
  <testsuite errors="0" failures="0" id="4" name="EngineerTest" package="JSci.tests" tests="1" time="0.297">
  
    <properties>
[...]
</properties>

      <testcase classname="JSci.tests.EngineerTest" name="testResample" time="0.0"></testcase>

      <system-out></system-out>

      <system-err></system-err>

  </testsuite>
  <testsuite errors="0" failures="0" id="5" name="ExtraMathTest" package="JSci.tests" tests="7" time="0.187">
  
    <properties>
[...]
</properties>

      <testcase classname="JSci.tests.ExtraMathTest" name="testAsinh" time="0.0"></testcase>

      <testcase classname="JSci.tests.ExtraMathTest" name="testAcosh" time="0.0"></testcase>

      <testcase classname="JSci.tests.ExtraMathTest" name="testAtanh" time="0.0"></testcase>

      <testcase classname="JSci.tests.ExtraMathTest" name="testAcsch" time="0.0"></testcase>

      <testcase classname="JSci.tests.ExtraMathTest" name="testAsech" time="0.0"></testcase>

      <testcase classname="JSci.tests.ExtraMathTest" name="testAcoth" time="0.0"></testcase>

      <testcase classname="JSci.tests.ExtraMathTest" name="testRound" time="0.0"></testcase>

      <system-out></system-out>

      <system-err></system-err>

  </testsuite>
  <testsuite errors="0" failures="0" id="6" name="FourierTest" package="JSci.tests" tests="18" time="0.218">
  
    <properties>
[...]
</properties>

      <testcase classname="JSci.tests.FourierTest" name="testInverseTransform" time="0.016"></testcase>

      <testcase classname="JSci.tests.FourierTest" name="testTransform" time="0.0"></testcase>

      <testcase classname="JSci.tests.FourierTest" name="testParsevalTheorem" time="0.0"></testcase>

      <testcase classname="JSci.tests.FourierTest" name="testInverseTransform" time="0.015"></testcase>

      <testcase classname="JSci.tests.FourierTest" name="testTransform" time="0.0"></testcase>

      <testcase classname="JSci.tests.FourierTest" name="testParsevalTheorem" time="0.0"></testcase>

      <testcase classname="JSci.tests.FourierTest" name="testInverseTransform" time="0.0"></testcase>

      <testcase classname="JSci.tests.FourierTest" name="testTransform" time="0.0"></testcase>

      <testcase classname="JSci.tests.FourierTest" name="testParsevalTheorem" time="0.0"></testcase>

      <testcase classname="JSci.tests.FourierTest" name="testInverseTransform" time="0.0"></testcase>

      <testcase classname="JSci.tests.FourierTest" name="testTransform" time="0.0"></testcase>

      <testcase classname="JSci.tests.FourierTest" name="testParsevalTheorem" time="0.0"></testcase>

      <testcase classname="JSci.tests.FourierTest" name="testInverseTransform" time="0.0"></testcase>

      <testcase classname="JSci.tests.FourierTest" name="testTransform" time="0.0"></testcase>

      <testcase classname="JSci.tests.FourierTest" name="testParsevalTheorem" time="0.0"></testcase>

      <testcase classname="JSci.tests.FourierTest" name="testInverseTransform" time="0.0"></testcase>

      <testcase classname="JSci.tests.FourierTest" name="testTransform" time="0.0"></testcase>

      <testcase classname="JSci.tests.FourierTest" name="testParsevalTheorem" time="0.0"></testcase>

      <system-out></system-out>

      <system-err></system-err>

  </testsuite>
  <testsuite errors="0" failures="0" id="7" name="MathMLTest" package="JSci.tests" tests="1" time="5.719">
  
    <properties>
[...]
</properties>

      <testcase classname="JSci.tests.MathMLTest" name="testParse" time="5.531"></testcase>

      <system-out></system-out>

      <system-err></system-err>

  </testsuite>
  <testsuite errors="0" failures="0" id="8" name="MatrixDecompositionTest" package="JSci.tests" tests="180" time="0.297">
  
    <properties>
[...]
</properties>

      <testcase classname="JSci.tests.MatrixDecompositionTest" name="testLU_pivot" time="0.016"></testcase>

      <testcase classname="JSci.tests.MatrixDecompositionTest" name="testLU" time="0.0"></testcase>

      <testcase classname="JSci.tests.MatrixDecompositionTest" name="testCholesky" time="0.0"></testcase>

      <testcase classname="JSci.tests.MatrixDecompositionTest" name="testQR" time="0.0"></testcase>

      <testcase classname="JSci.tests.MatrixDecompositionTest" name="testSVD" time="0.0"></testcase>

      <testcase classname="JSci.tests.MatrixDecompositionTest" name="testInverse" time="0.0"></testcase>

      <testcase classname="JSci.tests.MatrixDecompositionTest" name="testComplexLU_pivot" time="0.0"></testcase>

      <testcase classname="JSci.tests.MatrixDecompositionTest" name="testComplexLU" time="0.0"></testcase>

      <testcase classname="JSci.tests.MatrixDecompositionTest" name="testComplexInverse" time="0.0"></testcase>

      <testcase classname="JSci.tests.MatrixDecompositionTest" name="testLU_pivot" time="0.0"></testcase>

      <testcase classname="JSci.tests.MatrixDecompositionTest" name="testLU" time="0.0"></testcase>

      <testcase classname="JSci.tests.MatrixDecompositionTest" name="testCholesky" time="0.0"></testcase>

      <testcase classname="JSci.tests.MatrixDecompositionTest" name="testQR" time="0.0"></testcase>

      <testcase classname="JSci.tests.MatrixDecompositionTest" name="testSVD" time="0.0"></testcase>

      <testcase classname="JSci.tests.MatrixDecompositionTest" name="testInverse" time="0.016"></testcase>

      <testcase classname="JSci.tests.MatrixDecompositionTest" name="testComplexLU_pivot" time="0.0"></testcase>

      <testcase classname="JSci.tests.MatrixDecompositionTest" name="testComplexLU" time="0.0"></testcase>

      <testcase classname="JSci.tests.MatrixDecompositionTest" name="testComplexInverse" time="0.0"></testcase>

      <testcase classname="JSci.tests.MatrixDecompositionTest" name="testLU_pivot" time="0.0"></testcase>

      <testcase classname="JSci.tests.MatrixDecompositionTest" name="testLU" time="0.0"></testcase>

      <testcase classname="JSci.tests.MatrixDecompositionTest" name="testCholesky" time="0.0"></testcase>

      <testcase classname="JSci.tests.MatrixDecompositionTest" name="testQR" time="0.0"></testcase>

      <testcase classname="JSci.tests.MatrixDecompositionTest" name="testSVD" time="0.0"></testcase>

      <testcase classname="JSci.tests.MatrixDecompositionTest" name="testInverse" time="0.0"></testcase>

      <testcase classname="JSci.tests.MatrixDecompositionTest" name="testComplexLU_pivot" time="0.0"></testcase>

      <testcase classname="JSci.tests.MatrixDecompositionTest" name="testComplexLU" time="0.0"></testcase>

      <testcase classname="JSci.tests.MatrixDecompositionTest" name="testComplexInverse" time="0.0"></testcase>

      <testcase classname="JSci.tests.MatrixDecompositionTest" name="testLU_pivot" time="0.0"></testcase>

      <testcase classname="JSci.tests.MatrixDecompositionTest" name="testLU" time="0.0"></testcase>

      <testcase classname="JSci.tests.MatrixDecompositionTest" name="testCholesky" time="0.0"></testcase>

      <testcase classname="JSci.tests.MatrixDecompositionTest" name="testQR" time="0.0"></testcase>

      <testcase classname="JSci.tests.MatrixDecompositionTest" name="testSVD" time="0.015"></testcase>

      <testcase classname="JSci.tests.MatrixDecompositionTest" name="testInverse" time="0.0"></testcase>

      <testcase classname="JSci.tests.MatrixDecompositionTest" name="testComplexLU_pivot" time="0.0"></testcase>

      <testcase classname="JSci.tests.MatrixDecompositionTest" name="testComplexLU" time="0.0"></testcase>

      <testcase classname="JSci.tests.MatrixDecompositionTest" name="testComplexInverse" time="0.0"></testcase>

      <testcase classname="JSci.tests.MatrixDecompositionTest" name="testLU_pivot" time="0.0"></testcase>

      <testcase classname="JSci.tests.MatrixDecompositionTest" name="testLU" time="0.0"></testcase>

      <testcase classname="JSci.tests.MatrixDecompositionTest" name="testCholesky" time="0.0"></testcase>

      <testcase classname="JSci.tests.MatrixDecompositionTest" name="testQR" time="0.0"></testcase>

      <testcase classname="JSci.tests.MatrixDecompositionTest" name="testSVD" time="0.0"></testcase>

      <testcase classname="JSci.tests.MatrixDecompositionTest" name="testInverse" time="0.0"></testcase>

      <testcase classname="JSci.tests.MatrixDecompositionTest" name="testComplexLU_pivot" time="0.0"></testcase>

      <testcase classname="JSci.tests.MatrixDecompositionTest" name="testComplexLU" time="0.0"></testcase>

      <testcase classname="JSci.tests.MatrixDecompositionTest" name="testComplexInverse" time="0.0"></testcase>

      <testcase classname="JSci.tests.MatrixDecompositionTest" name="testLU_pivot" time="0.0"></testcase>

      <testcase classname="JSci.tests.MatrixDecompositionTest" name="testLU" time="0.0"></testcase>

      <testcase classname="JSci.tests.MatrixDecompositionTest" name="testCholesky" time="0.0"></testcase>

      <testcase classname="JSci.tests.MatrixDecompositionTest" name="testQR" time="0.0"></testcase>

      <testcase classname="JSci.tests.MatrixDecompositionTest" name="testSVD" time="0.0"></testcase>

      <testcase classname="JSci.tests.MatrixDecompositionTest" name="testInverse" time="0.0"></testcase>

      <testcase classname="JSci.tests.MatrixDecompositionTest" name="testComplexLU_pivot" time="0.0"></testcase>

      <testcase classname="JSci.tests.MatrixDecompositionTest" name="testComplexLU" time="0.0"></testcase>

      <testcase classname="JSci.tests.MatrixDecompositionTest" name="testComplexInverse" time="0.0"></testcase>

      <testcase classname="JSci.tests.MatrixDecompositionTest" name="testLU_pivot" time="0.0"></testcase>

      <testcase classname="JSci.tests.MatrixDecompositionTest" name="testLU" time="0.0"></testcase>

      <testcase classname="JSci.tests.MatrixDecompositionTest" name="testCholesky" time="0.0"></testcase>

      <testcase classname="JSci.tests.MatrixDecompositionTest" name="testQR" time="0.0"></testcase>

      <testcase classname="JSci.tests.MatrixDecompositionTest" name="testSVD" time="0.0"></testcase>

      <testcase classname="JSci.tests.MatrixDecompositionTest" name="testInverse" time="0.0"></testcase>

      <testcase classname="JSci.tests.MatrixDecompositionTest" name="testComplexLU_pivot" time="0.0"></testcase>

      <testcase classname="JSci.tests.MatrixDecompositionTest" name="testComplexLU" time="0.0"></testcase>

      <testcase classname="JSci.tests.MatrixDecompositionTest" name="testComplexInverse" time="0.0"></testcase>

      <testcase classname="JSci.tests.MatrixDecompositionTest" name="testLU_pivot" time="0.0"></testcase>

      <testcase classname="JSci.tests.MatrixDecompositionTest" name="testLU" time="0.0"></testcase>

      <testcase classname="JSci.tests.MatrixDecompositionTest" name="testCholesky" time="0.0"></testcase>

      <testcase classname="JSci.tests.MatrixDecompositionTest" name="testQR" time="0.0"></testcase>

      <testcase classname="JSci.tests.MatrixDecompositionTest" name="testSVD" time="0.016"></testcase>

      <testcase classname="JSci.tests.MatrixDecompositionTest" name="testInverse" time="0.0"></testcase>

      <testcase classname="JSci.tests.MatrixDecompositionTest" name="testComplexLU_pivot" time="0.0"></testcase>

      <testcase classname="JSci.tests.MatrixDecompositionTest" name="testComplexLU" time="0.0"></testcase>

      <testcase classname="JSci.tests.MatrixDecompositionTest" name="testComplexInverse" time="0.0"></testcase>

      <testcase classname="JSci.tests.MatrixDecompositionTest" name="testLU_pivot" time="0.0"></testcase>

      <testcase classname="JSci.tests.MatrixDecompositionTest" name="testLU" time="0.0"></testcase>

      <testcase classname="JSci.tests.MatrixDecompositionTest" name="testCholesky" time="0.0"></testcase>

      <testcase classname="JSci.tests.MatrixDecompositionTest" name="testQR" time="0.0"></testcase>

      <testcase classname="JSci.tests.MatrixDecompositionTest" name="testSVD" time="0.0"></testcase>

      <testcase classname="JSci.tests.MatrixDecompositionTest" name="testInverse" time="0.0"></testcase>

      <testcase classname="JSci.tests.MatrixDecompositionTest" name="testComplexLU_pivot" time="0.0"></testcase>

      <testcase classname="JSci.tests.MatrixDecompositionTest" name="testComplexLU" time="0.0"></testcase>

      <testcase classname="JSci.tests.MatrixDecompositionTest" name="testComplexInverse" time="0.0"></testcase>

      <testcase classname="JSci.tests.MatrixDecompositionTest" name="testLU_pivot" time="0.0"></testcase>

      <testcase classname="JSci.tests.MatrixDecompositionTest" name="testLU" time="0.0"></testcase>

      <testcase classname="JSci.tests.MatrixDecompositionTest" name="testCholesky" time="0.0"></testcase>

      <testcase classname="JSci.tests.MatrixDecompositionTest" name="testQR" time="0.0"></testcase>

      <testcase classname="JSci.tests.MatrixDecompositionTest" name="testSVD" time="0.0"></testcase>

      <testcase classname="JSci.tests.MatrixDecompositionTest" name="testInverse" time="0.0"></testcase>

      <testcase classname="JSci.tests.MatrixDecompositionTest" name="testComplexLU_pivot" time="0.0"></testcase>

      <testcase classname="JSci.tests.MatrixDecompositionTest" name="testComplexLU" time="0.0"></testcase>

      <testcase classname="JSci.tests.MatrixDecompositionTest" name="testComplexInverse" time="0.0"></testcase>

      <testcase classname="JSci.tests.MatrixDecompositionTest" name="testLU_pivot" time="0.0"></testcase>

      <testcase classname="JSci.tests.MatrixDecompositionTest" name="testLU" time="0.0"></testcase>

      <testcase classname="JSci.tests.MatrixDecompositionTest" name="testCholesky" time="0.0"></testcase>

      <testcase classname="JSci.tests.MatrixDecompositionTest" name="testQR" time="0.0"></testcase>

      <testcase classname="JSci.tests.MatrixDecompositionTest" name="testSVD" time="0.0"></testcase>

      <testcase classname="JSci.tests.MatrixDecompositionTest" name="testInverse" time="0.0"></testcase>

      <testcase classname="JSci.tests.MatrixDecompositionTest" name="testComplexLU_pivot" time="0.0"></testcase>

      <testcase classname="JSci.tests.MatrixDecompositionTest" name="testComplexLU" time="0.0"></testcase>

      <testcase classname="JSci.tests.MatrixDecompositionTest" name="testComplexInverse" time="0.0"></testcase>

      <testcase classname="JSci.tests.MatrixDecompositionTest" name="testLU_pivot" time="0.0"></testcase>

      <testcase classname="JSci.tests.MatrixDecompositionTest" name="testLU" time="0.0"></testcase>

      <testcase classname="JSci.tests.MatrixDecompositionTest" name="testCholesky" time="0.0"></testcase>

      <testcase classname="JSci.tests.MatrixDecompositionTest" name="testQR" time="0.0"></testcase>

      <testcase classname="JSci.tests.MatrixDecompositionTest" name="testSVD" time="0.0"></testcase>

      <testcase classname="JSci.tests.MatrixDecompositionTest" name="testInverse" time="0.0"></testcase>

      <testcase classname="JSci.tests.MatrixDecompositionTest" name="testComplexLU_pivot" time="0.0"></testcase>

      <testcase classname="JSci.tests.MatrixDecompositionTest" name="testComplexLU" time="0.0"></testcase>

      <testcase classname="JSci.tests.MatrixDecompositionTest" name="testComplexInverse" time="0.0"></testcase>

      <testcase classname="JSci.tests.MatrixDecompositionTest" name="testLU_pivot" time="0.016"></testcase>

      <testcase classname="JSci.tests.MatrixDecompositionTest" name="testLU" time="0.0"></testcase>

      <testcase classname="JSci.tests.MatrixDecompositionTest" name="testCholesky" time="0.0"></testcase>

      <testcase classname="JSci.tests.MatrixDecompositionTest" name="testQR" time="0.0"></testcase>

      <testcase classname="JSci.tests.MatrixDecompositionTest" name="testSVD" time="0.0"></testcase>

      <testcase classname="JSci.tests.MatrixDecompositionTest" name="testInverse" time="0.0"></testcase>

      <testcase classname="JSci.tests.MatrixDecompositionTest" name="testComplexLU_pivot" time="0.0"></testcase>

      <testcase classname="JSci.tests.MatrixDecompositionTest" name="testComplexLU" time="0.0"></testcase>

      <testcase classname="JSci.tests.MatrixDecompositionTest" name="testComplexInverse" time="0.0"></testcase>

      <testcase classname="JSci.tests.MatrixDecompositionTest" name="testLU_pivot" time="0.0"></testcase>

      <testcase classname="JSci.tests.MatrixDecompositionTest" name="testLU" time="0.0"></testcase>

      <testcase classname="JSci.tests.MatrixDecompositionTest" name="testCholesky" time="0.0"></testcase>

      <testcase classname="JSci.tests.MatrixDecompositionTest" name="testQR" time="0.0"></testcase>

      <testcase classname="JSci.tests.MatrixDecompositionTest" name="testSVD" time="0.0"></testcase>

      <testcase classname="JSci.tests.MatrixDecompositionTest" name="testInverse" time="0.0"></testcase>

      <testcase classname="JSci.tests.MatrixDecompositionTest" name="testComplexLU_pivot" time="0.0"></testcase>

      <testcase classname="JSci.tests.MatrixDecompositionTest" name="testComplexLU" time="0.0"></testcase>

      <testcase classname="JSci.tests.MatrixDecompositionTest" name="testComplexInverse" time="0.0"></testcase>

      <testcase classname="JSci.tests.MatrixDecompositionTest" name="testLU_pivot" time="0.0"></testcase>

      <testcase classname="JSci.tests.MatrixDecompositionTest" name="testLU" time="0.0"></testcase>

      <testcase classname="JSci.tests.MatrixDecompositionTest" name="testCholesky" time="0.0"></testcase>

      <testcase classname="JSci.tests.MatrixDecompositionTest" name="testQR" time="0.0"></testcase>

      <testcase classname="JSci.tests.MatrixDecompositionTest" name="testSVD" time="0.0"></testcase>

      <testcase classname="JSci.tests.MatrixDecompositionTest" name="testInverse" time="0.0"></testcase>

      <testcase classname="JSci.tests.MatrixDecompositionTest" name="testComplexLU_pivot" time="0.0"></testcase>

      <testcase classname="JSci.tests.MatrixDecompositionTest" name="testComplexLU" time="0.0"></testcase>

      <testcase classname="JSci.tests.MatrixDecompositionTest" name="testComplexInverse" time="0.0"></testcase>

      <testcase classname="JSci.tests.MatrixDecompositionTest" name="testLU_pivot" time="0.0"></testcase>

      <testcase classname="JSci.tests.MatrixDecompositionTest" name="testLU" time="0.0"></testcase>

      <testcase classname="JSci.tests.MatrixDecompositionTest" name="testCholesky" time="0.0"></testcase>

      <testcase classname="JSci.tests.MatrixDecompositionTest" name="testQR" time="0.0"></testcase>

      <testcase classname="JSci.tests.MatrixDecompositionTest" name="testSVD" time="0.0"></testcase>

      <testcase classname="JSci.tests.MatrixDecompositionTest" name="testInverse" time="0.0"></testcase>

      <testcase classname="JSci.tests.MatrixDecompositionTest" name="testComplexLU_pivot" time="0.0"></testcase>

      <testcase classname="JSci.tests.MatrixDecompositionTest" name="testComplexLU" time="0.0"></testcase>

      <testcase classname="JSci.tests.MatrixDecompositionTest" name="testComplexInverse" time="0.0"></testcase>

      <testcase classname="JSci.tests.MatrixDecompositionTest" name="testLU_pivot" time="0.0"></testcase>

      <testcase classname="JSci.tests.MatrixDecompositionTest" name="testLU" time="0.0"></testcase>

      <testcase classname="JSci.tests.MatrixDecompositionTest" name="testCholesky" time="0.0"></testcase>

      <testcase classname="JSci.tests.MatrixDecompositionTest" name="testQR" time="0.0"></testcase>

      <testcase classname="JSci.tests.MatrixDecompositionTest" name="testSVD" time="0.0"></testcase>

      <testcase classname="JSci.tests.MatrixDecompositionTest" name="testInverse" time="0.0"></testcase>

      <testcase classname="JSci.tests.MatrixDecompositionTest" name="testComplexLU_pivot" time="0.0"></testcase>

      <testcase classname="JSci.tests.MatrixDecompositionTest" name="testComplexLU" time="0.0"></testcase>

      <testcase classname="JSci.tests.MatrixDecompositionTest" name="testComplexInverse" time="0.0"></testcase>

      <testcase classname="JSci.tests.MatrixDecompositionTest" name="testLU_pivot" time="0.0"></testcase>

      <testcase classname="JSci.tests.MatrixDecompositionTest" name="testLU" time="0.0"></testcase>

      <testcase classname="JSci.tests.MatrixDecompositionTest" name="testCholesky" time="0.0"></testcase>

      <testcase classname="JSci.tests.MatrixDecompositionTest" name="testQR" time="0.0"></testcase>

      <testcase classname="JSci.tests.MatrixDecompositionTest" name="testSVD" time="0.015"></testcase>

      <testcase classname="JSci.tests.MatrixDecompositionTest" name="testInverse" time="0.0"></testcase>

      <testcase classname="JSci.tests.MatrixDecompositionTest" name="testComplexLU_pivot" time="0.0"></testcase>

      <testcase classname="JSci.tests.MatrixDecompositionTest" name="testComplexLU" time="0.0"></testcase>

      <testcase classname="JSci.tests.MatrixDecompositionTest" name="testComplexInverse" time="0.0"></testcase>

      <testcase classname="JSci.tests.MatrixDecompositionTest" name="testLU_pivot" time="0.0"></testcase>

      <testcase classname="JSci.tests.MatrixDecompositionTest" name="testLU" time="0.0"></testcase>

      <testcase classname="JSci.tests.MatrixDecompositionTest" name="testCholesky" time="0.0"></testcase>

      <testcase classname="JSci.tests.MatrixDecompositionTest" name="testQR" time="0.0"></testcase>

      <testcase classname="JSci.tests.MatrixDecompositionTest" name="testSVD" time="0.0"></testcase>

      <testcase classname="JSci.tests.MatrixDecompositionTest" name="testInverse" time="0.0"></testcase>

      <testcase classname="JSci.tests.MatrixDecompositionTest" name="testComplexLU_pivot" time="0.0"></testcase>

      <testcase classname="JSci.tests.MatrixDecompositionTest" name="testComplexLU" time="0.0"></testcase>

      <testcase classname="JSci.tests.MatrixDecompositionTest" name="testComplexInverse" time="0.016"></testcase>

      <testcase classname="JSci.tests.MatrixDecompositionTest" name="testLU_pivot" time="0.0"></testcase>

      <testcase classname="JSci.tests.MatrixDecompositionTest" name="testLU" time="0.0"></testcase>

      <testcase classname="JSci.tests.MatrixDecompositionTest" name="testCholesky" time="0.0"></testcase>

      <testcase classname="JSci.tests.MatrixDecompositionTest" name="testQR" time="0.0"></testcase>

      <testcase classname="JSci.tests.MatrixDecompositionTest" name="testSVD" time="0.0"></testcase>

      <testcase classname="JSci.tests.MatrixDecompositionTest" name="testInverse" time="0.0"></testcase>

      <testcase classname="JSci.tests.MatrixDecompositionTest" name="testComplexLU_pivot" time="0.0"></testcase>

      <testcase classname="JSci.tests.MatrixDecompositionTest" name="testComplexLU" time="0.0"></testcase>

      <testcase classname="JSci.tests.MatrixDecompositionTest" name="testComplexInverse" time="0.0"></testcase>

      <system-out></system-out>

      <system-err></system-err>

  </testsuite>
  <testsuite errors="0" failures="0" id="9" name="MatrixTest" package="JSci.tests" tests="320" time="0.531">
  
    <properties>
[...]
</properties>

      <testcase classname="JSci.tests.MatrixTest" name="testConstructor" time="0.0"></testcase>

      <testcase classname="JSci.tests.MatrixTest" name="testSetGet" time="0.0"></testcase>

      <testcase classname="JSci.tests.MatrixTest" name="testZeroTolerance" time="0.0"></testcase>

      <testcase classname="JSci.tests.MatrixTest" name="testAdd" time="0.0"></testcase>

      <testcase classname="JSci.tests.MatrixTest" name="testSubtract" time="0.016"></testcase>

      <testcase classname="JSci.tests.MatrixTest" name="testMultiply" time="0.0"></testcase>

      <testcase classname="JSci.tests.MatrixTest" name="testMapElements" time="0.015"></testcase>

      <testcase classname="JSci.tests.MatrixTest" name="testGMRes" time="0.016"></testcase>

      <testcase classname="JSci.tests.MatrixTest" name="testEqualsAgainstNewObject" time="0.0"></testcase>

      <testcase classname="JSci.tests.MatrixTest" name="testEqualsAgainstNull" time="0.0"></testcase>

      <testcase classname="JSci.tests.MatrixTest" name="testEqualsAgainstUnequalObjects" time="0.0"></testcase>

      <testcase classname="JSci.tests.MatrixTest" name="testEqualsIsConsistentAcrossInvocations" time="0.0"></testcase>

      <testcase classname="JSci.tests.MatrixTest" name="testEqualsIsReflexive" time="0.0"></testcase>

      <testcase classname="JSci.tests.MatrixTest" name="testEqualsIsSymmetricAndTransitive" time="0.0"></testcase>

      <testcase classname="JSci.tests.MatrixTest" name="testHashCodeContract" time="0.0"></testcase>

      <testcase classname="JSci.tests.MatrixTest" name="testHashCodeIsConsistentAcrossInvocations" time="0.0"></testcase>

      <testcase classname="JSci.tests.MatrixTest" name="testConstructor" time="0.0"></testcase>

      <testcase classname="JSci.tests.MatrixTest" name="testSetGet" time="0.0"></testcase>

      <testcase classname="JSci.tests.MatrixTest" name="testZeroTolerance" time="0.0"></testcase>

      <testcase classname="JSci.tests.MatrixTest" name="testAdd" time="0.0"></testcase>

      <testcase classname="JSci.tests.MatrixTest" name="testSubtract" time="0.0"></testcase>

      <testcase classname="JSci.tests.MatrixTest" name="testMultiply" time="0.016"></testcase>

      <testcase classname="JSci.tests.MatrixTest" name="testMapElements" time="0.0"></testcase>

      <testcase classname="JSci.tests.MatrixTest" name="testGMRes" time="0.0"></testcase>

      <testcase classname="JSci.tests.MatrixTest" name="testEqualsAgainstNewObject" time="0.0"></testcase>

      <testcase classname="JSci.tests.MatrixTest" name="testEqualsAgainstNull" time="0.0"></testcase>

      <testcase classname="JSci.tests.MatrixTest" name="testEqualsAgainstUnequalObjects" time="0.0"></testcase>

      <testcase classname="JSci.tests.MatrixTest" name="testEqualsIsConsistentAcrossInvocations" time="0.0"></testcase>

      <testcase classname="JSci.tests.MatrixTest" name="testEqualsIsReflexive" time="0.0"></testcase>

      <testcase classname="JSci.tests.MatrixTest" name="testEqualsIsSymmetricAndTransitive" time="0.0"></testcase>

      <testcase classname="JSci.tests.MatrixTest" name="testHashCodeContract" time="0.0"></testcase>

      <testcase classname="JSci.tests.MatrixTest" name="testHashCodeIsConsistentAcrossInvocations" time="0.0"></testcase>

      <testcase classname="JSci.tests.MatrixTest" name="testConstructor" time="0.0"></testcase>

      <testcase classname="JSci.tests.MatrixTest" name="testSetGet" time="0.0"></testcase>

      <testcase classname="JSci.tests.MatrixTest" name="testZeroTolerance" time="0.0"></testcase>

      <testcase classname="JSci.tests.MatrixTest" name="testAdd" time="0.0"></testcase>

      <testcase classname="JSci.tests.MatrixTest" name="testSubtract" time="0.0"></testcase>

      <testcase classname="JSci.tests.MatrixTest" name="testMultiply" time="0.0"></testcase>

      <testcase classname="JSci.tests.MatrixTest" name="testMapElements" time="0.0"></testcase>

      <testcase classname="JSci.tests.MatrixTest" name="testGMRes" time="0.0"></testcase>

      <testcase classname="JSci.tests.MatrixTest" name="testEqualsAgainstNewObject" time="0.0"></testcase>

      <testcase classname="JSci.tests.MatrixTest" name="testEqualsAgainstNull" time="0.0"></testcase>

      <testcase classname="JSci.tests.MatrixTest" name="testEqualsAgainstUnequalObjects" time="0.0"></testcase>

      <testcase classname="JSci.tests.MatrixTest" name="testEqualsIsConsistentAcrossInvocations" time="0.0"></testcase>

      <testcase classname="JSci.tests.MatrixTest" name="testEqualsIsReflexive" time="0.0"></testcase>

      <testcase classname="JSci.tests.MatrixTest" name="testEqualsIsSymmetricAndTransitive" time="0.0"></testcase>

      <testcase classname="JSci.tests.MatrixTest" name="testHashCodeContract" time="0.0"></testcase>

      <testcase classname="JSci.tests.MatrixTest" name="testHashCodeIsConsistentAcrossInvocations" time="0.0"></testcase>

      <testcase classname="JSci.tests.MatrixTest" name="testConstructor" time="0.0"></testcase>

      <testcase classname="JSci.tests.MatrixTest" name="testSetGet" time="0.0"></testcase>

      <testcase classname="JSci.tests.MatrixTest" name="testZeroTolerance" time="0.0"></testcase>

      <testcase classname="JSci.tests.MatrixTest" name="testAdd" time="0.015"></testcase>

      <testcase classname="JSci.tests.MatrixTest" name="testSubtract" time="0.0"></testcase>

      <testcase classname="JSci.tests.MatrixTest" name="testMultiply" time="0.0"></testcase>

      <testcase classname="JSci.tests.MatrixTest" name="testMapElements" time="0.0"></testcase>

      <testcase classname="JSci.tests.MatrixTest" name="testGMRes" time="0.0"></testcase>

      <testcase classname="JSci.tests.MatrixTest" name="testEqualsAgainstNewObject" time="0.0"></testcase>

      <testcase classname="JSci.tests.MatrixTest" name="testEqualsAgainstNull" time="0.0"></testcase>

      <testcase classname="JSci.tests.MatrixTest" name="testEqualsAgainstUnequalObjects" time="0.0"></testcase>

      <testcase classname="JSci.tests.MatrixTest" name="testEqualsIsConsistentAcrossInvocations" time="0.0"></testcase>

      <testcase classname="JSci.tests.MatrixTest" name="testEqualsIsReflexive" time="0.0"></testcase>

      <testcase classname="JSci.tests.MatrixTest" name="testEqualsIsSymmetricAndTransitive" time="0.0"></testcase>

      <testcase classname="JSci.tests.MatrixTest" name="testHashCodeContract" time="0.0"></testcase>

      <testcase classname="JSci.tests.MatrixTest" name="testHashCodeIsConsistentAcrossInvocations" time="0.0"></testcase>

      <testcase classname="JSci.tests.MatrixTest" name="testConstructor" time="0.0"></testcase>

      <testcase classname="JSci.tests.MatrixTest" name="testSetGet" time="0.0"></testcase>

      <testcase classname="JSci.tests.MatrixTest" name="testZeroTolerance" time="0.0"></testcase>

      <testcase classname="JSci.tests.MatrixTest" name="testAdd" time="0.0"></testcase>

      <testcase classname="JSci.tests.MatrixTest" name="testSubtract" time="0.0"></testcase>

      <testcase classname="JSci.tests.MatrixTest" name="testMultiply" time="0.0"></testcase>

      <testcase classname="JSci.tests.MatrixTest" name="testMapElements" time="0.0"></testcase>

      <testcase classname="JSci.tests.MatrixTest" name="testGMRes" time="0.0"></testcase>

      <testcase classname="JSci.tests.MatrixTest" name="testEqualsAgainstNewObject" time="0.0"></testcase>

      <testcase classname="JSci.tests.MatrixTest" name="testEqualsAgainstNull" time="0.0"></testcase>

      <testcase classname="JSci.tests.MatrixTest" name="testEqualsAgainstUnequalObjects" time="0.0"></testcase>

      <testcase classname="JSci.tests.MatrixTest" name="testEqualsIsConsistentAcrossInvocations" time="0.0"></testcase>

      <testcase classname="JSci.tests.MatrixTest" name="testEqualsIsReflexive" time="0.0"></testcase>

      <testcase classname="JSci.tests.MatrixTest" name="testEqualsIsSymmetricAndTransitive" time="0.0"></testcase>

      <testcase classname="JSci.tests.MatrixTest" name="testHashCodeContract" time="0.0"></testcase>

      <testcase classname="JSci.tests.MatrixTest" name="testHashCodeIsConsistentAcrossInvocations" time="0.0"></testcase>

      <testcase classname="JSci.tests.MatrixTest" name="testConstructor" time="0.0"></testcase>

      <testcase classname="JSci.tests.MatrixTest" name="testSetGet" time="0.0"></testcase>

      <testcase classname="JSci.tests.MatrixTest" name="testZeroTolerance" time="0.0"></testcase>

      <testcase classname="JSci.tests.MatrixTest" name="testAdd" time="0.0"></testcase>

      <testcase classname="JSci.tests.MatrixTest" name="testSubtract" time="0.0"></testcase>

      <testcase classname="JSci.tests.MatrixTest" name="testMultiply" time="0.016"></testcase>

      <testcase classname="JSci.tests.MatrixTest" name="testMapElements" time="0.0"></testcase>

      <testcase classname="JSci.tests.MatrixTest" name="testGMRes" time="0.0"></testcase>

      <testcase classname="JSci.tests.MatrixTest" name="testEqualsAgainstNewObject" time="0.0"></testcase>

      <testcase classname="JSci.tests.MatrixTest" name="testEqualsAgainstNull" time="0.0"></testcase>

      <testcase classname="JSci.tests.MatrixTest" name="testEqualsAgainstUnequalObjects" time="0.0"></testcase>

      <testcase classname="JSci.tests.MatrixTest" name="testEqualsIsConsistentAcrossInvocations" time="0.0"></testcase>

      <testcase classname="JSci.tests.MatrixTest" name="testEqualsIsReflexive" time="0.0"></testcase>

      <testcase classname="JSci.tests.MatrixTest" name="testEqualsIsSymmetricAndTransitive" time="0.0"></testcase>

      <testcase classname="JSci.tests.MatrixTest" name="testHashCodeContract" time="0.0"></testcase>

      <testcase classname="JSci.tests.MatrixTest" name="testHashCodeIsConsistentAcrossInvocations" time="0.0"></testcase>

      <testcase classname="JSci.tests.MatrixTest" name="testConstructor" time="0.0"></testcase>

      <testcase classname="JSci.tests.MatrixTest" name="testSetGet" time="0.0"></testcase>

      <testcase classname="JSci.tests.MatrixTest" name="testZeroTolerance" time="0.0"></testcase>

      <testcase classname="JSci.tests.MatrixTest" name="testAdd" time="0.0"></testcase>

      <testcase classname="JSci.tests.MatrixTest" name="testSubtract" time="0.0"></testcase>

      <testcase classname="JSci.tests.MatrixTest" name="testMultiply" time="0.0"></testcase>

      <testcase classname="JSci.tests.MatrixTest" name="testMapElements" time="0.0"></testcase>

      <testcase classname="JSci.tests.MatrixTest" name="testGMRes" time="0.0"></testcase>

      <testcase classname="JSci.tests.MatrixTest" name="testEqualsAgainstNewObject" time="0.0"></testcase>

      <testcase classname="JSci.tests.MatrixTest" name="testEqualsAgainstNull" time="0.0"></testcase>

      <testcase classname="JSci.tests.MatrixTest" name="testEqualsAgainstUnequalObjects" time="0.0"></testcase>

      <testcase classname="JSci.tests.MatrixTest" name="testEqualsIsConsistentAcrossInvocations" time="0.0"></testcase>

      <testcase classname="JSci.tests.MatrixTest" name="testEqualsIsReflexive" time="0.0"></testcase>

      <testcase classname="JSci.tests.MatrixTest" name="testEqualsIsSymmetricAndTransitive" time="0.0"></testcase>

      <testcase classname="JSci.tests.MatrixTest" name="testHashCodeContract" time="0.0"></testcase>

      <testcase classname="JSci.tests.MatrixTest" name="testHashCodeIsConsistentAcrossInvocations" time="0.0"></testcase>

      <testcase classname="JSci.tests.MatrixTest" name="testConstructor" time="0.0"></testcase>

      <testcase classname="JSci.tests.MatrixTest" name="testSetGet" time="0.0"></testcase>

      <testcase classname="JSci.tests.MatrixTest" name="testZeroTolerance" time="0.0"></testcase>

      <testcase classname="JSci.tests.MatrixTest" name="testAdd" time="0.015"></testcase>

      <testcase classname="JSci.tests.MatrixTest" name="testSubtract" time="0.0"></testcase>

      <testcase classname="JSci.tests.MatrixTest" name="testMultiply" time="0.0"></testcase>

      <testcase classname="JSci.tests.MatrixTest" name="testMapElements" time="0.0"></testcase>

      <testcase classname="JSci.tests.MatrixTest" name="testGMRes" time="0.0"></testcase>

      <testcase classname="JSci.tests.MatrixTest" name="testEqualsAgainstNewObject" time="0.0"></testcase>

      <testcase classname="JSci.tests.MatrixTest" name="testEqualsAgainstNull" time="0.0"></testcase>

      <testcase classname="JSci.tests.MatrixTest" name="testEqualsAgainstUnequalObjects" time="0.0"></testcase>

      <testcase classname="JSci.tests.MatrixTest" name="testEqualsIsConsistentAcrossInvocations" time="0.0"></testcase>

      <testcase classname="JSci.tests.MatrixTest" name="testEqualsIsReflexive" time="0.0"></testcase>

      <testcase classname="JSci.tests.MatrixTest" name="testEqualsIsSymmetricAndTransitive" time="0.0"></testcase>

      <testcase classname="JSci.tests.MatrixTest" name="testHashCodeContract" time="0.0"></testcase>

      <testcase classname="JSci.tests.MatrixTest" name="testHashCodeIsConsistentAcrossInvocations" time="0.0"></testcase>

      <testcase classname="JSci.tests.MatrixTest" name="testConstructor" time="0.0"></testcase>

      <testcase classname="JSci.tests.MatrixTest" name="testSetGet" time="0.0"></testcase>

      <testcase classname="JSci.tests.MatrixTest" name="testZeroTolerance" time="0.0"></testcase>

      <testcase classname="JSci.tests.MatrixTest" name="testAdd" time="0.0"></testcase>

      <testcase classname="JSci.tests.MatrixTest" name="testSubtract" time="0.0"></testcase>

      <testcase classname="JSci.tests.MatrixTest" name="testMultiply" time="0.0"></testcase>

      <testcase classname="JSci.tests.MatrixTest" name="testMapElements" time="0.0"></testcase>

      <testcase classname="JSci.tests.MatrixTest" name="testGMRes" time="0.0"></testcase>

      <testcase classname="JSci.tests.MatrixTest" name="testEqualsAgainstNewObject" time="0.0"></testcase>

      <testcase classname="JSci.tests.MatrixTest" name="testEqualsAgainstNull" time="0.0"></testcase>

      <testcase classname="JSci.tests.MatrixTest" name="testEqualsAgainstUnequalObjects" time="0.0"></testcase>

      <testcase classname="JSci.tests.MatrixTest" name="testEqualsIsConsistentAcrossInvocations" time="0.0"></testcase>

      <testcase classname="JSci.tests.MatrixTest" name="testEqualsIsReflexive" time="0.0"></testcase>

      <testcase classname="JSci.tests.MatrixTest" name="testEqualsIsSymmetricAndTransitive" time="0.0"></testcase>

      <testcase classname="JSci.tests.MatrixTest" name="testHashCodeContract" time="0.0"></testcase>

      <testcase classname="JSci.tests.MatrixTest" name="testHashCodeIsConsistentAcrossInvocations" time="0.0"></testcase>

      <testcase classname="JSci.tests.MatrixTest" name="testConstructor" time="0.0"></testcase>

      <testcase classname="JSci.tests.MatrixTest" name="testSetGet" time="0.0"></testcase>

      <testcase classname="JSci.tests.MatrixTest" name="testZeroTolerance" time="0.0"></testcase>

      <testcase classname="JSci.tests.MatrixTest" name="testAdd" time="0.0"></testcase>

      <testcase classname="JSci.tests.MatrixTest" name="testSubtract" time="0.0"></testcase>

      <testcase classname="JSci.tests.MatrixTest" name="testMultiply" time="0.0"></testcase>

      <testcase classname="JSci.tests.MatrixTest" name="testMapElements" time="0.0"></testcase>

      <testcase classname="JSci.tests.MatrixTest" name="testGMRes" time="0.0"></testcase>

      <testcase classname="JSci.tests.MatrixTest" name="testEqualsAgainstNewObject" time="0.0"></testcase>

      <testcase classname="JSci.tests.MatrixTest" name="testEqualsAgainstNull" time="0.0"></testcase>

      <testcase classname="JSci.tests.MatrixTest" name="testEqualsAgainstUnequalObjects" time="0.0"></testcase>

      <testcase classname="JSci.tests.MatrixTest" name="testEqualsIsConsistentAcrossInvocations" time="0.0"></testcase>

      <testcase classname="JSci.tests.MatrixTest" name="testEqualsIsReflexive" time="0.0"></testcase>

      <testcase classname="JSci.tests.MatrixTest" name="testEqualsIsSymmetricAndTransitive" time="0.0"></testcase>

      <testcase classname="JSci.tests.MatrixTest" name="testHashCodeContract" time="0.0"></testcase>

      <testcase classname="JSci.tests.MatrixTest" name="testHashCodeIsConsistentAcrossInvocations" time="0.0"></testcase>

      <testcase classname="JSci.tests.MatrixTest" name="testConstructor" time="0.0"></testcase>

      <testcase classname="JSci.tests.MatrixTest" name="testSetGet" time="0.016"></testcase>

      <testcase classname="JSci.tests.MatrixTest" name="testZeroTolerance" time="0.0"></testcase>

      <testcase classname="JSci.tests.MatrixTest" name="testAdd" time="0.0"></testcase>

      <testcase classname="JSci.tests.MatrixTest" name="testSubtract" time="0.0"></testcase>

      <testcase classname="JSci.tests.MatrixTest" name="testMultiply" time="0.0"></testcase>

      <testcase classname="JSci.tests.MatrixTest" name="testMapElements" time="0.0"></testcase>

      <testcase classname="JSci.tests.MatrixTest" name="testGMRes" time="0.0"></testcase>

      <testcase classname="JSci.tests.MatrixTest" name="testEqualsAgainstNewObject" time="0.0"></testcase>

      <testcase classname="JSci.tests.MatrixTest" name="testEqualsAgainstNull" time="0.0"></testcase>

      <testcase classname="JSci.tests.MatrixTest" name="testEqualsAgainstUnequalObjects" time="0.0"></testcase>

      <testcase classname="JSci.tests.MatrixTest" name="testEqualsIsConsistentAcrossInvocations" time="0.0"></testcase>

      <testcase classname="JSci.tests.MatrixTest" name="testEqualsIsReflexive" time="0.0"></testcase>

      <testcase classname="JSci.tests.MatrixTest" name="testEqualsIsSymmetricAndTransitive" time="0.0"></testcase>

      <testcase classname="JSci.tests.MatrixTest" name="testHashCodeContract" time="0.0"></testcase>

      <testcase classname="JSci.tests.MatrixTest" name="testHashCodeIsConsistentAcrossInvocations" time="0.0"></testcase>

      <testcase classname="JSci.tests.MatrixTest" name="testConstructor" time="0.0"></testcase>

      <testcase classname="JSci.tests.MatrixTest" name="testSetGet" time="0.0"></testcase>

      <testcase classname="JSci.tests.MatrixTest" name="testZeroTolerance" time="0.0"></testcase>

      <testcase classname="JSci.tests.MatrixTest" name="testAdd" time="0.0"></testcase>

      <testcase classname="JSci.tests.MatrixTest" name="testSubtract" time="0.0"></testcase>

      <testcase classname="JSci.tests.MatrixTest" name="testMultiply" time="0.0"></testcase>

      <testcase classname="JSci.tests.MatrixTest" name="testMapElements" time="0.0"></testcase>

      <testcase classname="JSci.tests.MatrixTest" name="testGMRes" time="0.0"></testcase>

      <testcase classname="JSci.tests.MatrixTest" name="testEqualsAgainstNewObject" time="0.0"></testcase>

      <testcase classname="JSci.tests.MatrixTest" name="testEqualsAgainstNull" time="0.0"></testcase>

      <testcase classname="JSci.tests.MatrixTest" name="testEqualsAgainstUnequalObjects" time="0.0"></testcase>

      <testcase classname="JSci.tests.MatrixTest" name="testEqualsIsConsistentAcrossInvocations" time="0.0"></testcase>

      <testcase classname="JSci.tests.MatrixTest" name="testEqualsIsReflexive" time="0.0"></testcase>

      <testcase classname="JSci.tests.MatrixTest" name="testEqualsIsSymmetricAndTransitive" time="0.0"></testcase>

      <testcase classname="JSci.tests.MatrixTest" name="testHashCodeContract" time="0.0"></testcase>

      <testcase classname="JSci.tests.MatrixTest" name="testHashCodeIsConsistentAcrossInvocations" time="0.0"></testcase>

      <testcase classname="JSci.tests.MatrixTest" name="testConstructor" time="0.0"></testcase>

      <testcase classname="JSci.tests.MatrixTest" name="testSetGet" time="0.0"></testcase>

      <testcase classname="JSci.tests.MatrixTest" name="testZeroTolerance" time="0.0"></testcase>

      <testcase classname="JSci.tests.MatrixTest" name="testAdd" time="0.016"></testcase>

      <testcase classname="JSci.tests.MatrixTest" name="testSubtract" time="0.0"></testcase>

      <testcase classname="JSci.tests.MatrixTest" name="testMultiply" time="0.0"></testcase>

      <testcase classname="JSci.tests.MatrixTest" name="testMapElements" time="0.0"></testcase>

      <testcase classname="JSci.tests.MatrixTest" name="testGMRes" time="0.0"></testcase>

      <testcase classname="JSci.tests.MatrixTest" name="testEqualsAgainstNewObject" time="0.0"></testcase>

      <testcase classname="JSci.tests.MatrixTest" name="testEqualsAgainstNull" time="0.0"></testcase>

      <testcase classname="JSci.tests.MatrixTest" name="testEqualsAgainstUnequalObjects" time="0.0"></testcase>

      <testcase classname="JSci.tests.MatrixTest" name="testEqualsIsConsistentAcrossInvocations" time="0.0"></testcase>

      <testcase classname="JSci.tests.MatrixTest" name="testEqualsIsReflexive" time="0.0"></testcase>

      <testcase classname="JSci.tests.MatrixTest" name="testEqualsIsSymmetricAndTransitive" time="0.0"></testcase>

      <testcase classname="JSci.tests.MatrixTest" name="testHashCodeContract" time="0.0"></testcase>

      <testcase classname="JSci.tests.MatrixTest" name="testHashCodeIsConsistentAcrossInvocations" time="0.0"></testcase>

      <testcase classname="JSci.tests.MatrixTest" name="testConstructor" time="0.0"></testcase>

      <testcase classname="JSci.tests.MatrixTest" name="testSetGet" time="0.0"></testcase>

      <testcase classname="JSci.tests.MatrixTest" name="testZeroTolerance" time="0.0"></testcase>

      <testcase classname="JSci.tests.MatrixTest" name="testAdd" time="0.0"></testcase>

      <testcase classname="JSci.tests.MatrixTest" name="testSubtract" time="0.0"></testcase>

      <testcase classname="JSci.tests.MatrixTest" name="testMultiply" time="0.0"></testcase>

      <testcase classname="JSci.tests.MatrixTest" name="testMapElements" time="0.0"></testcase>

      <testcase classname="JSci.tests.MatrixTest" name="testGMRes" time="0.0"></testcase>

      <testcase classname="JSci.tests.MatrixTest" name="testEqualsAgainstNewObject" time="0.0"></testcase>

      <testcase classname="JSci.tests.MatrixTest" name="testEqualsAgainstNull" time="0.0"></testcase>

      <testcase classname="JSci.tests.MatrixTest" name="testEqualsAgainstUnequalObjects" time="0.0"></testcase>

      <testcase classname="JSci.tests.MatrixTest" name="testEqualsIsConsistentAcrossInvocations" time="0.0"></testcase>

      <testcase classname="JSci.tests.MatrixTest" name="testEqualsIsReflexive" time="0.0"></testcase>

      <testcase classname="JSci.tests.MatrixTest" name="testEqualsIsSymmetricAndTransitive" time="0.0"></testcase>

      <testcase classname="JSci.tests.MatrixTest" name="testHashCodeContract" time="0.0"></testcase>

      <testcase classname="JSci.tests.MatrixTest" name="testHashCodeIsConsistentAcrossInvocations" time="0.0"></testcase>

      <testcase classname="JSci.tests.MatrixTest" name="testConstructor" time="0.0"></testcase>

      <testcase classname="JSci.tests.MatrixTest" name="testSetGet" time="0.0"></testcase>

      <testcase classname="JSci.tests.MatrixTest" name="testZeroTolerance" time="0.0"></testcase>

      <testcase classname="JSci.tests.MatrixTest" name="testAdd" time="0.015"></testcase>

      <testcase classname="JSci.tests.MatrixTest" name="testSubtract" time="0.0"></testcase>

      <testcase classname="JSci.tests.MatrixTest" name="testMultiply" time="0.0"></testcase>

      <testcase classname="JSci.tests.MatrixTest" name="testMapElements" time="0.0"></testcase>

      <testcase classname="JSci.tests.MatrixTest" name="testGMRes" time="0.0"></testcase>

      <testcase classname="JSci.tests.MatrixTest" name="testEqualsAgainstNewObject" time="0.0"></testcase>

      <testcase classname="JSci.tests.MatrixTest" name="testEqualsAgainstNull" time="0.0"></testcase>

      <testcase classname="JSci.tests.MatrixTest" name="testEqualsAgainstUnequalObjects" time="0.0"></testcase>

      <testcase classname="JSci.tests.MatrixTest" name="testEqualsIsConsistentAcrossInvocations" time="0.0"></testcase>

      <testcase classname="JSci.tests.MatrixTest" name="testEqualsIsReflexive" time="0.0"></testcase>

      <testcase classname="JSci.tests.MatrixTest" name="testEqualsIsSymmetricAndTransitive" time="0.0"></testcase>

      <testcase classname="JSci.tests.MatrixTest" name="testHashCodeContract" time="0.0"></testcase>

      <testcase classname="JSci.tests.MatrixTest" name="testHashCodeIsConsistentAcrossInvocations" time="0.0"></testcase>

      <testcase classname="JSci.tests.MatrixTest" name="testConstructor" time="0.0"></testcase>

      <testcase classname="JSci.tests.MatrixTest" name="testSetGet" time="0.0"></testcase>

      <testcase classname="JSci.tests.MatrixTest" name="testZeroTolerance" time="0.0"></testcase>

      <testcase classname="JSci.tests.MatrixTest" name="testAdd" time="0.0"></testcase>

      <testcase classname="JSci.tests.MatrixTest" name="testSubtract" time="0.0"></testcase>

      <testcase classname="JSci.tests.MatrixTest" name="testMultiply" time="0.016"></testcase>

      <testcase classname="JSci.tests.MatrixTest" name="testMapElements" time="0.0"></testcase>

      <testcase classname="JSci.tests.MatrixTest" name="testGMRes" time="0.0"></testcase>

      <testcase classname="JSci.tests.MatrixTest" name="testEqualsAgainstNewObject" time="0.0"></testcase>

      <testcase classname="JSci.tests.MatrixTest" name="testEqualsAgainstNull" time="0.0"></testcase>

      <testcase classname="JSci.tests.MatrixTest" name="testEqualsAgainstUnequalObjects" time="0.0"></testcase>

      <testcase classname="JSci.tests.MatrixTest" name="testEqualsIsConsistentAcrossInvocations" time="0.0"></testcase>

      <testcase classname="JSci.tests.MatrixTest" name="testEqualsIsReflexive" time="0.0"></testcase>

      <testcase classname="JSci.tests.MatrixTest" name="testEqualsIsSymmetricAndTransitive" time="0.0"></testcase>

      <testcase classname="JSci.tests.MatrixTest" name="testHashCodeContract" time="0.0"></testcase>

      <testcase classname="JSci.tests.MatrixTest" name="testHashCodeIsConsistentAcrossInvocations" time="0.0"></testcase>

      <testcase classname="JSci.tests.MatrixTest" name="testConstructor" time="0.0"></testcase>

      <testcase classname="JSci.tests.MatrixTest" name="testSetGet" time="0.0"></testcase>

      <testcase classname="JSci.tests.MatrixTest" name="testZeroTolerance" time="0.0"></testcase>

      <testcase classname="JSci.tests.MatrixTest" name="testAdd" time="0.016"></testcase>

      <testcase classname="JSci.tests.MatrixTest" name="testSubtract" time="0.0"></testcase>

      <testcase classname="JSci.tests.MatrixTest" name="testMultiply" time="0.0"></testcase>

      <testcase classname="JSci.tests.MatrixTest" name="testMapElements" time="0.0"></testcase>

      <testcase classname="JSci.tests.MatrixTest" name="testGMRes" time="0.0"></testcase>

      <testcase classname="JSci.tests.MatrixTest" name="testEqualsAgainstNewObject" time="0.0"></testcase>

      <testcase classname="JSci.tests.MatrixTest" name="testEqualsAgainstNull" time="0.0"></testcase>

      <testcase classname="JSci.tests.MatrixTest" name="testEqualsAgainstUnequalObjects" time="0.0"></testcase>

      <testcase classname="JSci.tests.MatrixTest" name="testEqualsIsConsistentAcrossInvocations" time="0.0"></testcase>

      <testcase classname="JSci.tests.MatrixTest" name="testEqualsIsReflexive" time="0.0"></testcase>

      <testcase classname="JSci.tests.MatrixTest" name="testEqualsIsSymmetricAndTransitive" time="0.0"></testcase>

      <testcase classname="JSci.tests.MatrixTest" name="testHashCodeContract" time="0.0"></testcase>

      <testcase classname="JSci.tests.MatrixTest" name="testHashCodeIsConsistentAcrossInvocations" time="0.0"></testcase>

      <testcase classname="JSci.tests.MatrixTest" name="testConstructor" time="0.0"></testcase>

      <testcase classname="JSci.tests.MatrixTest" name="testSetGet" time="0.0"></testcase>

      <testcase classname="JSci.tests.MatrixTest" name="testZeroTolerance" time="0.0"></testcase>

      <testcase classname="JSci.tests.MatrixTest" name="testAdd" time="0.0"></testcase>

      <testcase classname="JSci.tests.MatrixTest" name="testSubtract" time="0.0"></testcase>

      <testcase classname="JSci.tests.MatrixTest" name="testMultiply" time="0.0"></testcase>

      <testcase classname="JSci.tests.MatrixTest" name="testMapElements" time="0.0"></testcase>

      <testcase classname="JSci.tests.MatrixTest" name="testGMRes" time="0.0"></testcase>

      <testcase classname="JSci.tests.MatrixTest" name="testEqualsAgainstNewObject" time="0.0"></testcase>

      <testcase classname="JSci.tests.MatrixTest" name="testEqualsAgainstNull" time="0.0"></testcase>

      <testcase classname="JSci.tests.MatrixTest" name="testEqualsAgainstUnequalObjects" time="0.0"></testcase>

      <testcase classname="JSci.tests.MatrixTest" name="testEqualsIsConsistentAcrossInvocations" time="0.015"></testcase>

      <testcase classname="JSci.tests.MatrixTest" name="testEqualsIsReflexive" time="0.0"></testcase>

      <testcase classname="JSci.tests.MatrixTest" name="testEqualsIsSymmetricAndTransitive" time="0.0"></testcase>

      <testcase classname="JSci.tests.MatrixTest" name="testHashCodeContract" time="0.0"></testcase>

      <testcase classname="JSci.tests.MatrixTest" name="testHashCodeIsConsistentAcrossInvocations" time="0.0"></testcase>

      <testcase classname="JSci.tests.MatrixTest" name="testConstructor" time="0.0"></testcase>

      <testcase classname="JSci.tests.MatrixTest" name="testSetGet" time="0.0"></testcase>

      <testcase classname="JSci.tests.MatrixTest" name="testZeroTolerance" time="0.0"></testcase>

      <testcase classname="JSci.tests.MatrixTest" name="testAdd" time="0.0"></testcase>

      <testcase classname="JSci.tests.MatrixTest" name="testSubtract" time="0.0"></testcase>

      <testcase classname="JSci.tests.MatrixTest" name="testMultiply" time="0.0"></testcase>

      <testcase classname="JSci.tests.MatrixTest" name="testMapElements" time="0.0"></testcase>

      <testcase classname="JSci.tests.MatrixTest" name="testGMRes" time="0.0"></testcase>

      <testcase classname="JSci.tests.MatrixTest" name="testEqualsAgainstNewObject" time="0.0"></testcase>

      <testcase classname="JSci.tests.MatrixTest" name="testEqualsAgainstNull" time="0.0"></testcase>

      <testcase classname="JSci.tests.MatrixTest" name="testEqualsAgainstUnequalObjects" time="0.0"></testcase>

      <testcase classname="JSci.tests.MatrixTest" name="testEqualsIsConsistentAcrossInvocations" time="0.0"></testcase>

      <testcase classname="JSci.tests.MatrixTest" name="testEqualsIsReflexive" time="0.0"></testcase>

      <testcase classname="JSci.tests.MatrixTest" name="testEqualsIsSymmetricAndTransitive" time="0.0"></testcase>

      <testcase classname="JSci.tests.MatrixTest" name="testHashCodeContract" time="0.0"></testcase>

      <testcase classname="JSci.tests.MatrixTest" name="testHashCodeIsConsistentAcrossInvocations" time="0.0"></testcase>

      <testcase classname="JSci.tests.MatrixTest" name="testConstructor" time="0.0"></testcase>

      <testcase classname="JSci.tests.MatrixTest" name="testSetGet" time="0.0"></testcase>

      <testcase classname="JSci.tests.MatrixTest" name="testZeroTolerance" time="0.0"></testcase>

      <testcase classname="JSci.tests.MatrixTest" name="testAdd" time="0.0"></testcase>

      <testcase classname="JSci.tests.MatrixTest" name="testSubtract" time="0.0"></testcase>

      <testcase classname="JSci.tests.MatrixTest" name="testMultiply" time="0.0"></testcase>

      <testcase classname="JSci.tests.MatrixTest" name="testMapElements" time="0.0"></testcase>

      <testcase classname="JSci.tests.MatrixTest" name="testGMRes" time="0.0"></testcase>

      <testcase classname="JSci.tests.MatrixTest" name="testEqualsAgainstNewObject" time="0.0"></testcase>

      <testcase classname="JSci.tests.MatrixTest" name="testEqualsAgainstNull" time="0.0"></testcase>

      <testcase classname="JSci.tests.MatrixTest" name="testEqualsAgainstUnequalObjects" time="0.0"></testcase>

      <testcase classname="JSci.tests.MatrixTest" name="testEqualsIsConsistentAcrossInvocations" time="0.0"></testcase>

      <testcase classname="JSci.tests.MatrixTest" name="testEqualsIsReflexive" time="0.0"></testcase>

      <testcase classname="JSci.tests.MatrixTest" name="testEqualsIsSymmetricAndTransitive" time="0.0"></testcase>

      <testcase classname="JSci.tests.MatrixTest" name="testHashCodeContract" time="0.0"></testcase>

      <testcase classname="JSci.tests.MatrixTest" name="testHashCodeIsConsistentAcrossInvocations" time="0.0"></testcase>

      <system-out></system-out>

      <system-err></system-err>

  </testsuite>
  <testsuite errors="0" failures="0" id="10" name="NumberTest" package="JSci.tests" tests="1" time="0.188">
  
    <properties>
[...]
</properties>

      <testcase classname="JSci.tests.NumberTest" name="testOne" time="0.016"></testcase>

      <system-out></system-out>

      <system-err></system-err>

  </testsuite>
  <testsuite errors="0" failures="0" id="11" name="NumericalTest" package="JSci.tests" tests="10" time="0.203">
  
    <properties>
[...]
</properties>

      <testcase classname="JSci.tests.NumericalTest" name="testSolveQuadratic" time="0.0"></testcase>

      <testcase classname="JSci.tests.NumericalTest" name="testTrapezium" time="0.0"></testcase>

      <testcase classname="JSci.tests.NumericalTest" name="testSimpson" time="0.0"></testcase>

      <testcase classname="JSci.tests.NumericalTest" name="testRichardson" time="0.0"></testcase>

      <testcase classname="JSci.tests.NumericalTest" name="testGaussian4" time="0.0"></testcase>

      <testcase classname="JSci.tests.NumericalTest" name="testGaussian8" time="0.0"></testcase>

      <testcase classname="JSci.tests.NumericalTest" name="testSimpleRungeKutta2" time="0.016"></testcase>

      <testcase classname="JSci.tests.NumericalTest" name="testSimpleRungeKutta4" time="0.0"></testcase>

      <testcase classname="JSci.tests.NumericalTest" name="testRungeKutta2" time="0.015"></testcase>

      <testcase classname="JSci.tests.NumericalTest" name="testRungeKutta4" time="0.0"></testcase>

      <system-out></system-out>

      <system-err></system-err>

  </testsuite>
  <testsuite errors="0" failures="0" id="12" name="PolynomialTest" package="JSci.tests" tests="3" time="0.218">
  
    <properties>
[...]
</properties>

      <testcase classname="JSci.tests.PolynomialTest" name="testSubtract" time="0.016"></testcase>

      <testcase classname="JSci.tests.PolynomialTest" name="testLeastSquaresFit" time="0.031"></testcase>

      <testcase classname="JSci.tests.PolynomialTest" name="testInterpolation" time="0.0"></testcase>

      <system-out></system-out>

      <system-err></system-err>

  </testsuite>
  <testsuite errors="0" failures="0" id="13" name="QuaternionTest" package="JSci.tests" tests="10" time="0.234">
  
    <properties>
[...]
</properties>

      <testcase classname="JSci.tests.QuaternionTest" name="testExp" time="0.016"></testcase>

      <testcase classname="JSci.tests.QuaternionTest" name="testRotationMatrixConversion" time="0.031"></testcase>

      <testcase classname="JSci.tests.QuaternionTest" name="testEqualsAgainstNewObject" time="0.0"></testcase>

      <testcase classname="JSci.tests.QuaternionTest" name="testEqualsAgainstNull" time="0.0"></testcase>

      <testcase classname="JSci.tests.QuaternionTest" name="testEqualsAgainstUnequalObjects" time="0.0"></testcase>

      <testcase classname="JSci.tests.QuaternionTest" name="testEqualsIsConsistentAcrossInvocations" time="0.0"></testcase>

      <testcase classname="JSci.tests.QuaternionTest" name="testEqualsIsReflexive" time="0.0"></testcase>

      <testcase classname="JSci.tests.QuaternionTest" name="testEqualsIsSymmetricAndTransitive" time="0.0"></testcase>

      <testcase classname="JSci.tests.QuaternionTest" name="testHashCodeContract" time="0.0"></testcase>

      <testcase classname="JSci.tests.QuaternionTest" name="testHashCodeIsConsistentAcrossInvocations" time="0.0"></testcase>

      <system-out></system-out>

      <system-err></system-err>

  </testsuite>
  <testsuite errors="0" failures="0" id="14" name="SpecialTest" package="JSci.tests" tests="2" time="0.187">
  
    <properties>
[...]
</properties>

      <testcase classname="JSci.tests.SpecialTest" name="testGammaFunctional" time="0.015"></testcase>

      <testcase classname="JSci.tests.SpecialTest" name="testGammaDuplication" time="0.0"></testcase>

      <system-out></system-out>

      <system-err></system-err>

  </testsuite>
  <testsuite errors="0" failures="0" id="15" name="StatisticsTest" package="JSci.tests" tests="10" time="0.172">
  
    <properties>
[...]
</properties>

      <testcase classname="JSci.tests.StatisticsTest" name="testInverse" time="0.0"></testcase>

      <testcase classname="JSci.tests.StatisticsTest" name="testInverse" time="0.0"></testcase>

      <testcase classname="JSci.tests.StatisticsTest" name="testInverse" time="0.0"></testcase>

      <testcase classname="JSci.tests.StatisticsTest" name="testInverse" time="0.0"></testcase>

      <testcase classname="JSci.tests.StatisticsTest" name="testInverse" time="0.0"></testcase>

      <testcase classname="JSci.tests.StatisticsTest" name="testInverse" time="0.0"></testcase>

      <testcase classname="JSci.tests.StatisticsTest" name="testInverse" time="0.0"></testcase>

      <testcase classname="JSci.tests.StatisticsTest" name="testInverse" time="0.0"></testcase>

      <testcase classname="JSci.tests.StatisticsTest" name="testInverse" time="0.0"></testcase>

      <testcase classname="JSci.tests.StatisticsTest" name="testInverse" time="0.0"></testcase>

      <system-out></system-out>

      <system-err></system-err>

  </testsuite>
  <testsuite errors="0" failures="0" id="16" name="VectorTest" package="JSci.tests" tests="28" time="0.219">
  
    <properties>
[...]
</properties>

      <testcase classname="JSci.tests.VectorTest" name="testConstructor" time="0.0"></testcase>

      <testcase classname="JSci.tests.VectorTest" name="testSetGet" time="0.0"></testcase>

      <testcase classname="JSci.tests.VectorTest" name="testAdd" time="0.0"></testcase>

      <testcase classname="JSci.tests.VectorTest" name="testSubtract" time="0.0"></testcase>

      <testcase classname="JSci.tests.VectorTest" name="testScalarProduct" time="0.016"></testcase>

      <testcase classname="JSci.tests.VectorTest" name="testMapComponents" time="0.016"></testcase>

      <testcase classname="JSci.tests.VectorTest" name="testEqualsAgainstNewObject" time="0.0"></testcase>

      <testcase classname="JSci.tests.VectorTest" name="testEqualsAgainstNull" time="0.0"></testcase>

      <testcase classname="JSci.tests.VectorTest" name="testEqualsAgainstUnequalObjects" time="0.0"></testcase>

      <testcase classname="JSci.tests.VectorTest" name="testEqualsIsConsistentAcrossInvocations" time="0.0"></testcase>

      <testcase classname="JSci.tests.VectorTest" name="testEqualsIsReflexive" time="0.0"></testcase>

      <testcase classname="JSci.tests.VectorTest" name="testEqualsIsSymmetricAndTransitive" time="0.0"></testcase>

      <testcase classname="JSci.tests.VectorTest" name="testHashCodeContract" time="0.0"></testcase>

      <testcase classname="JSci.tests.VectorTest" name="testHashCodeIsConsistentAcrossInvocations" time="0.0"></testcase>

      <testcase classname="JSci.tests.VectorTest" name="testConstructor" time="0.0"></testcase>

      <testcase classname="JSci.tests.VectorTest" name="testSetGet" time="0.0"></testcase>

      <testcase classname="JSci.tests.VectorTest" name="testAdd" time="0.0"></testcase>

      <testcase classname="JSci.tests.VectorTest" name="testSubtract" time="0.0"></testcase>

      <testcase classname="JSci.tests.VectorTest" name="testScalarProduct" time="0.0"></testcase>

      <testcase classname="JSci.tests.VectorTest" name="testMapComponents" time="0.0"></testcase>

      <testcase classname="JSci.tests.VectorTest" name="testEqualsAgainstNewObject" time="0.0"></testcase>

      <testcase classname="JSci.tests.VectorTest" name="testEqualsAgainstNull" time="0.0"></testcase>

      <testcase classname="JSci.tests.VectorTest" name="testEqualsAgainstUnequalObjects" time="0.0"></testcase>

      <testcase classname="JSci.tests.VectorTest" name="testEqualsIsConsistentAcrossInvocations" time="0.0"></testcase>

      <testcase classname="JSci.tests.VectorTest" name="testEqualsIsReflexive" time="0.0"></testcase>

      <testcase classname="JSci.tests.VectorTest" name="testEqualsIsSymmetricAndTransitive" time="0.0"></testcase>

      <testcase classname="JSci.tests.VectorTest" name="testHashCodeContract" time="0.0"></testcase>

      <testcase classname="JSci.tests.VectorTest" name="testHashCodeIsConsistentAcrossInvocations" time="0.0"></testcase>

      <system-out></system-out>

      <system-err></system-err>

  </testsuite>
  <testsuite errors="0" failures="0" id="17" name="WaveletTest" package="JSci.tests" tests="2" time="0.188">
  
    <properties>
[...]
</properties>

      <testcase classname="JSci.tests.WaveletTest" name="testReconstruction" time="0.0"></testcase>

      <testcase classname="JSci.tests.WaveletTest" name="testLagrange" time="0.0"></testcase>

      <system-out></system-out>

      <system-err></system-err>

  </testsuite>
</testsuites>
